<?xml version="1.0" encoding="UTF-8" standalone="no"?><testsuite errors="0" failures="0" name="Cancelar la creacion de usuario" skipped="1" tests="1" time="0.0" timestamp="2025-04-10 09:47:13"><testcase name="Cancelacion de crear un usuario nuevo"><compromised message="No page defined with the name 'null'" type="net.serenitybdd.screenplay.actions.UnknownPageException">No page defined with the name 'null'</compromised><system-err>No page defined with the name 'null'&#13;
co.siigo.qastaging.interations.Navega.performAs(Navega.java:17)&#13;
co.siigo.qastaging.stepDefinitions.clientesStepDefinitions.elUsuarioIngresaConCorreoYContrasena(clientesStepDefinitions.java:24)&#13;
worker.org.gradle.process.internal.worker.GradleWorkerMain.run(GradleWorkerMain.java:69)&#13;
worker.org.gradle.process.internal.worker.GradleWorkerMain.main(GradleWorkerMain.java:74)&#13;
</system-err></testcase></testsuite>